<?xml version="1.0" encoding="UTF-8"?>
<!-- Generated by org.testng.reporters.JUnitXMLReporter -->
<testsuite ignored="2" hostname="DESKTOP-ICGBU50" failures="0" tests="3" name="LoginTest" time="0.134" errors="0" timestamp="2024-01-27T11:32:40 PST">
  <testcase classname="metagroups.Login" name="verifyLoginWithValidCredentials" time="0.02"/>
  <testcase classname="metagroups.Login" name="verifyLoginWithValidEmailAndInvalidPwd" time="0.005"/>
  <testcase classname="metagroups.Login" name="verifyLoginWithInvalidCredentials" time="0.007"/>
  <testcase classname="metagroups.Login" name="verifyLoginWithoutGivingAnyCredentials" time="0.0">
    <ignored/>
  </testcase> <!-- verifyLoginWithoutGivingAnyCredentials -->
  <testcase classname="metagroups.Login" name="verifyLoginWithInvalidEmailAndValidPwd" time="0.0">
    <ignored/>
  </testcase> <!-- verifyLoginWithInvalidEmailAndValidPwd -->
</testsuite> <!-- LoginTest -->
