<?xml version="1.0" encoding="UTF-8"?>
<!-- Generated by org.testng.reporters.JUnitXMLReporter -->
<testsuite ignored="1" hostname="DESKTOP-ICGBU50" failures="0" tests="2" name="RegisterTest" time="0.045" errors="0" timestamp="2024-01-27T11:32:41 PST">
  <testcase classname="metagroups.Register" name="registerByGivingAllFields" time="0.006"/>
  <testcase classname="metagroups.Register" name="registerWithoutGivingAnyFields" time="0.008"/>
  <testcase classname="metagroups.Register" name="registerByGivingMandatoryFields" time="0.0">
    <ignored/>
  </testcase> <!-- registerByGivingMandatoryFields -->
</testsuite> <!-- RegisterTest -->
