<?xml version="1.0" encoding="UTF-8"?>
<!-- Generated by org.testng.reporters.JUnitXMLReporter -->
<testsuite ignored="4" hostname="DESKTOP-ICGBU50" failures="0" tests="9" name="Test" time="73.516" errors="0" timestamp="2024-02-16T19:41:16 PST">
  <testcase classname="com.tutorialsninja.tests.ClassA" name="methodAOne" time="0.027"/>
  <testcase classname="com.tutorialsninja.tests.ClassB" name="methodBOne" time="0.003"/>
  <testcase classname="com.tutorialsninja.tests.ClassB" name="methodBFour" time="0.003"/>
  <testcase classname="com.tutorialsninja.tests.ClassB" name="methodBThree" time="0.006"/>
  <testcase classname="com.tutorialsninja.tests.ClassC" name="methodCTwo" time="0.003"/>
  <testcase classname="com.tutorialsninja.tests.Login" name="verifyLoginWithValidCredentials" time="2.959"/>
  <testcase classname="com.tutorialsninja.tests.Login" name="verifyLoginWithInvalidValidCredentials" time="1.877"/>
  <testcase classname="com.tutorialsninja.tests.Login" name="verifyTitle" time="22.956"/>
  <testcase classname="com.tutorialsninja.tests.APIRestAssuredTesting" name="getUsersInPageTwo" time="3.2"/>
  <testcase classname="com.tutorialsninja.tests.ClassB" name="methodBTwo" time="0.0">
    <ignored/>
  </testcase> <!-- methodBTwo -->
  <testcase classname="com.tutorialsninja.tests.ClassA" name="methodATwo" time="0.0">
    <ignored/>
  </testcase> <!-- methodATwo -->
  <testcase classname="com.tutorialsninja.tests.ClassC" name="methodCOne" time="0.0">
    <ignored/>
  </testcase> <!-- methodCOne -->
  <testcase classname="com.tutorialsninja.tests.ClassA" name="methodAThree" time="0.0">
    <ignored/>
  </testcase> <!-- methodAThree -->
</testsuite> <!-- Test -->
